KCPSM6 Assembler log file for program 'C:\Users\grego\Projects\fpga\picoblaze_test\picoblaze_test.srcs\programs\led_prog\led_prog2.psm'.
Generated by KCPSM6 version v2.70
Ken Chapman - Xilinx Ltd - 16th May 2014

Assembly datestamp: 20 Mar 2019
Assembly timestamp: 18:56:59

Contents
  Assembly listing
  List of PSM files
  List of CONSTANTs
  List of TABLEs
  List of STRINGs
  List of line labels
  Instruction usage statistics


Last occupied address: 018 hex
Nominal program memory size: 1K (1024)   address(9:0)
Actual memory size: 4096
  (Default memory size)
Occupied memory locations: 25
Memory locations available: 4071


Assembly listing

 Addr Code                Instruction

 000                      CONSTANT out_uart_data, 00000001'b
 000                      CONSTANT out_mem_addr, 00000010'b
 000                      CONSTANT out_mem_data_p0, 00000011'b
 000                      CONSTANT out_mem_data_p1, 00001011'b
 000                      CONSTANT out_leds, 00000100'b
 000                      CONSTANT in_uart_data, 01
 000                      CONSTANT in_uart_status, 02
 000                      CONSTANT in_mem_data, 03
 000                      CONSTANT tx_data_present, 00100000'b
 000                      CONSTANT tx_buffer_half, 00010000'b
 000                      CONSTANT tx_buffer_full, 00001000'b
 000                      CONSTANT rx_data_present, 00000100'b
 000                      CONSTANT rx_buffer_half, 00000010'b
 000                      CONSTANT rx_buffer_full, 00000001'b
 000                      ; Register mapping
 000                      ; s0 - stack pointer (points to next empty)
 000                      ; s1 - stack reg
 000                      ; s2 - uart reg
 000                      ; s3 - mem reg 1
 000                      ; s4 - mem reg 2
 000                      ; s5 - mem reg 3 (parity)
 000                      ; s6 - leds
 000                      ; s7, s8, s9 - led counters
 000                      ; others - misc
 000                init: 
 000  28001               ENABLE INTERRUPT
 001                main: 
 001  2B004               OUTPUTK 00, 4[out_leds]
 002  20006               CALL 006[wait]
 003  2B0F4               OUTPUTK 0F, 4[out_leds]
 004  20006               CALL 006[wait]
 005  22001               JUMP 001[main]
 006                wait: 
 006  01700               LOAD s7, 00
 007  01800               LOAD s8, 00
 008  01900               LOAD s9, 00
 009         wait_loop_1: 
 009  11701               ADD s7, 01
 00A  1D7FF               COMPARE s7, FF
 00B  36009               JUMP NZ, 009[wait_loop_1]
 00C  01700               LOAD s7, 00
 00D  11801               ADD s8, 01
 00E         wait_loop_2: 
 00E  1D8FF               COMPARE s8, FF
 00F  36009               JUMP NZ, 009[wait_loop_1]
 010  01700               LOAD s7, 00
 011  01800               LOAD s8, 00
 012  11901               ADD s9, 01
 013         wait_loop_3: 
 013  1D9FF               COMPARE s9, FF
 014  36009               JUMP NZ, 009[wait_loop_1]
 015  01700               LOAD s7, 00
 016  01800               LOAD s8, 00
 017  01900               LOAD s9, 00
 018  25000               RETURN 


All unused memory locations contain zero (equivalent to 'LOAD s0, s0')



List of PSM files that have been assembled

C:\Users\grego\Projects\fpga\picoblaze_test\picoblaze_test.srcs\programs\led_prog\led_prog2.psm



List of defined constants

 CONSTANT name     Value        Source PSM File

 timestamp_hours   18'd         
 timestamp_minutes 56'd         
 timestamp_seconds 59'd         
 datestamp_year    19'd         
 datestamp_month   3'd          
 datestamp_day     20'd         
 NUL               00           
 BEL               07           
 BS                08           
 HT                09           
 LF                0A           
 VT                0B           
 CR                0D           
 ESC               1B           
 DEL               7F           
 DCS               90           
 ST                9C           
 out_uart_data     00000001'b   led_prog2.psm
 out_mem_addr      00000010'b   led_prog2.psm
 out_mem_data_p0   00000011'b   led_prog2.psm
 out_mem_data_p1   00001011'b   led_prog2.psm
 out_leds          00000100'b   led_prog2.psm
 in_uart_data      01           led_prog2.psm
 in_uart_status    02           led_prog2.psm
 in_mem_data       03           led_prog2.psm
 tx_data_present   00100000'b   led_prog2.psm
 tx_buffer_half    00010000'b   led_prog2.psm
 tx_buffer_full    00001000'b   led_prog2.psm
 rx_data_present   00000100'b   led_prog2.psm
 rx_buffer_half    00000010'b   led_prog2.psm
 rx_buffer_full    00000001'b   led_prog2.psm



No TABLEs defined



List of text strings

 STRING name       String         Source PSM File

 KCPSM6_version$   "v2.70"        
 datestamp$        "20 Mar 2019"  
 timestamp$        "18:56:59"     



List of line labels

   Label         Addr  Source PSM File

 * init          000   led_prog2.psm
   main          001   led_prog2.psm
   wait          006   led_prog2.psm
   wait_loop_1   009   led_prog2.psm
 * wait_loop_2   00E   led_prog2.psm
 * wait_loop_3   013   led_prog2.psm

      * Line label has not been referenced in any instructions.
        Hint - This may indicate unused code that could be
               removed to reduce the size of this program.



Instruction usage statistics

 Instruction    Instances

 LOAD              9
 STAR              -

 AND               -
 OR                -
 XOR               -

 ADD               3
 ADDCY             -
 SUB               -
 SUBCY             -

 TEST              -
 TESTCY            -
 COMPARE           3
 COMPARECY         -

 SL0               -
 SL1               -
 SLX               -
 SLA               -
 RL                -
 SR0               -
 SR1               -
 SRX               -
 SRA               -
 RR                -

 REGBANK           -

 INPUT             -
 OUTPUT            -
 OUTPUTK           2

 STORE             -
 FETCH             -

 DISABLE           -
 ENABLE            1
 RETURNI           -

 JUMP              4
 JUMP@             -
 CALL              2
 CALL@             -
 RETURN            1
 LOAD&RETURN       -

 HWBUILD           -



End of KCPSM6 log file.
