KCPSM6 Assembler log file for program 'C:\Users\grego\Projects\fpga\picoblaze_test\picoblaze_test.srcs\programs\main_prog.psm'.
Generated by KCPSM6 version v2.70
Ken Chapman - Xilinx Ltd - 16th May 2014

Assembly datestamp: 01 Mar 2019
Assembly timestamp: 13:11:42

Contents
  Assembly listing
  List of PSM files
  List of CONSTANTs
  List of TABLEs
  List of STRINGs
  List of line labels
  Instruction usage statistics


Last occupied address: 022 hex
Nominal program memory size: 1K (1024)   address(9:0)
Actual memory size: 4096
  (Default memory size)
Occupied memory locations: 35
Memory locations available: 4061


Assembly listing

 Addr Code               Instruction

 000                     ; LEDs
 000                     CONSTANT led_port, 01
 000                     CONSTANT led_1, 00000001'b
 000                     CONSTANT led_2, 00000010'b
 000                     CONSTANT led_3, 00000100'b
 000                     CONSTANT led_4, 00001000'b
 000              start: 
 000  01001              LOAD s0, 01[led_1]
 001  01102              LOAD s1, 02[led_2]
 002  01204              LOAD s2, 04[led_3]
 003  01308              LOAD s3, 08[led_4]
 004  01F00              LOAD sF, 00
 005           led_loop: 
 005  06F00              XOR sF, s0
 006  2DF01              OUTPUT sF, 01[led_port]
 007  20020              CALL 020[delay]
 008  06F10              XOR sF, s1
 009  2DF01              OUTPUT sF, 01[led_port]
 00A  20020              CALL 020[delay]
 00B  06F20              XOR sF, s2
 00C  2DF01              OUTPUT sF, 01[led_port]
 00D  20020              CALL 020[delay]
 00E  06F30              XOR sF, s3
 00F  2DF01              OUTPUT sF, 01[led_port]
 010  20020              CALL 020[delay]
 011  22005              JUMP 005[led_loop]
 012         delay_init: 
 012  01E00              LOAD sE, 00
 013  01D00              LOAD sD, 00
 014  01C00              LOAD sC, 00
 015  25000              RETURN 
 016         delay_main: 
 016  02EE0              AND sE, sE                 ; reset carry flag
 017  11E01              ADD sE, 01
 018  3E016              JUMP NC, 016[delay_main]
 019  02EE0              AND sE, sE                 ; reset carry flag
 01A  11D01              ADD sD, 01
 01B  3E016              JUMP NC, 016[delay_main]
 01C  02EE0              AND sE, sE                 ; reset carry flag
 01D  11C01              ADD sC, 01
 01E  3E016              JUMP NC, 016[delay_main]
 01F  25000              RETURN 
 020              delay: 
 020  20012              CALL 012[delay_init]
 021  20016              CALL 016[delay_main]
 022  25000              RETURN 


All unused memory locations contain zero (equivalent to 'LOAD s0, s0')



List of PSM files that have been assembled

C:\Users\grego\Projects\fpga\picoblaze_test\picoblaze_test.srcs\programs\main_prog.psm



List of defined constants

 CONSTANT name     Value        Source PSM File

 timestamp_hours   13'd         
 timestamp_minutes 11'd         
 timestamp_seconds 42'd         
 datestamp_year    19'd         
 datestamp_month   3'd          
 datestamp_day     01'd         
 NUL               00           
 BEL               07           
 BS                08           
 HT                09           
 LF                0A           
 VT                0B           
 CR                0D           
 ESC               1B           
 DEL               7F           
 DCS               90           
 ST                9C           
 led_port          01           main_prog.psm
 led_1             00000001'b   main_prog.psm
 led_2             00000010'b   main_prog.psm
 led_3             00000100'b   main_prog.psm
 led_4             00001000'b   main_prog.psm



No TABLEs defined



List of text strings

 STRING name       String         Source PSM File

 KCPSM6_version$   "v2.70"        
 datestamp$        "01 Mar 2019"  
 timestamp$        "13:11:42"     



List of line labels

   Label        Addr  Source PSM File

 * start        000   main_prog.psm
   led_loop     005   main_prog.psm
   delay_init   012   main_prog.psm
   delay_main   016   main_prog.psm
   delay        020   main_prog.psm

      * Line label has not been referenced in any instructions.
        Hint - This may indicate unused code that could be
               removed to reduce the size of this program.



Instruction usage statistics

 Instruction    Instances

 LOAD              8
 STAR              -

 AND               3
 OR                -
 XOR               4

 ADD               3
 ADDCY             -
 SUB               -
 SUBCY             -

 TEST              -
 TESTCY            -
 COMPARE           -
 COMPARECY         -

 SL0               -
 SL1               -
 SLX               -
 SLA               -
 RL                -
 SR0               -
 SR1               -
 SRX               -
 SRA               -
 RR                -

 REGBANK           -

 INPUT             -
 OUTPUT            4
 OUTPUTK           -

 STORE             -
 FETCH             -

 DISABLE           -
 ENABLE            -
 RETURNI           -

 JUMP              4
 JUMP@             -
 CALL              6
 CALL@             -
 RETURN            3
 LOAD&RETURN       -

 HWBUILD           -



End of KCPSM6 log file.
